<?xml version="1.0" encoding="UTF-8"?>
<!-- Generated by org.testng.reporters.JUnitXMLReporter -->
<testsuite ignored="1" hostname="ASHEENA" failures="0" tests="1" name="Group Regression" time="4.372" errors="0" timestamp="2024-11-29T07:20:55 IST">
  <testcase classname="com.sevenrmartsupermarket.tests.HomeTest" name="readExcel" time="1.153"/>
  <testcase classname="com.sevenrmartsupermarket.tests.LoginTest" name="verifAdminUserLogin" time="0.0">
    <ignored/>
  </testcase> <!-- verifAdminUserLogin -->
</testsuite> <!-- Group Regression -->
