<?xml version="1.0" encoding="UTF-8"?>
<testng-results ignored="0" total="1" passed="1" failed="0" skipped="0">
  <reporter-output>
  </reporter-output>
  <suite started-at="2024-11-29T07:20:51 IST" name="group Run" finished-at="2024-11-29T07:20:55 IST" duration-ms="4372">
    <groups>
      <group name="regression">
        <method signature="HomeTest.readExcel()[pri:0, instance:com.sevenrmartsupermarket.tests.HomeTest@351d00c0]" name="readExcel" class="com.sevenrmartsupermarket.tests.HomeTest"/>
      </group> <!-- regression -->
      <group name="smoke">
        <method signature="HomeTest.readExcel()[pri:0, instance:com.sevenrmartsupermarket.tests.HomeTest@351d00c0]" name="readExcel" class="com.sevenrmartsupermarket.tests.HomeTest"/>
      </group> <!-- smoke -->
    </groups>
    <test started-at="2024-11-29T07:20:51 IST" name="Group Regression" finished-at="2024-11-29T07:20:55 IST" duration-ms="4372">
      <class name="com.sevenrmartsupermarket.tests.HomeTest">
        <test-method is-config="true" signature="launchBrowser()[pri:0, instance:com.sevenrmartsupermarket.tests.HomeTest@351d00c0]" started-at="2024-11-29T07:20:51 IST" name="launchBrowser" finished-at="2024-11-29T07:20:54 IST" duration-ms="3162" status="PASS">
          <reporter-output>
          </reporter-output>
        </test-method> <!-- launchBrowser -->
        <test-method signature="readExcel()[pri:0, instance:com.sevenrmartsupermarket.tests.HomeTest@351d00c0]" started-at="2024-11-29T07:20:54 IST" name="readExcel" finished-at="2024-11-29T07:20:55 IST" duration-ms="1153" status="PASS">
          <reporter-output>
          </reporter-output>
        </test-method> <!-- readExcel -->
        <test-method is-config="true" signature="terminateSession(org.testng.ITestResult)[pri:0, instance:com.sevenrmartsupermarket.tests.HomeTest@351d00c0]" started-at="2024-11-29T07:20:55 IST" name="terminateSession" finished-at="2024-11-29T07:20:55 IST" duration-ms="4" status="PASS">
          <params>
            <param index="0">
              <value>
                <![CDATA[[TestResult name=readExcel status=SUCCESS method=HomeTest.readExcel()[pri:0, instance:com.sevenrmartsupermarket.tests.HomeTest@351d00c0] output={null}]]]>
              </value>
            </param>
          </params>
          <reporter-output>
          </reporter-output>
        </test-method> <!-- terminateSession -->
      </class> <!-- com.sevenrmartsupermarket.tests.HomeTest -->
    </test> <!-- Group Regression -->
  </suite> <!-- group Run -->
</testng-results>
