<?xml version="1.0" encoding="UTF-8"?>
<!-- Generated by org.testng.reporters.JUnitXMLReporter -->
<testsuite ignored="1" hostname="ASHEENA" failures="0" tests="1" name="Group Regression" time="3.737" errors="0" timestamp="2024-11-27T07:08:26 IST">
  <testcase classname="com.sevenrmartsupermarket.tests.HomeTest" name="readExcel" time="0.547"/>
  <testcase classname="com.sevenrmartsupermarket.tests.LoginTest" name="verifAdminUserLogin" time="0.0">
    <ignored/>
  </testcase> <!-- verifAdminUserLogin -->
</testsuite> <!-- Group Regression -->
