<?xml version="1.0" encoding="UTF-8"?>
<testng-results ignored="0" total="1" passed="1" failed="0" skipped="0">
  <reporter-output>
  </reporter-output>
  <suite started-at="2024-11-28T07:00:46 IST" name="Default suite" finished-at="2024-11-28T07:00:54 IST" duration-ms="8536">
    <groups>
    </groups>
    <test started-at="2024-11-28T07:00:46 IST" name="Default test" finished-at="2024-11-28T07:00:54 IST" duration-ms="8536">
      <class name="com.sevenrmartsupermarket.tests.AdminUserTest">
        <test-method is-config="true" signature="launchBrowser()[pri:0, instance:com.sevenrmartsupermarket.tests.AdminUserTest@65987993]" started-at="2024-11-28T07:00:46 IST" name="launchBrowser" finished-at="2024-11-28T07:00:51 IST" duration-ms="5589" status="PASS">
          <reporter-output>
          </reporter-output>
        </test-method> <!-- launchBrowser -->
        <test-method signature="verifyClickNewUser()[pri:0, instance:com.sevenrmartsupermarket.tests.AdminUserTest@65987993]" started-at="2024-11-28T07:00:51 IST" name="verifyClickNewUser" finished-at="2024-11-28T07:00:54 IST" duration-ms="2879" status="PASS">
          <reporter-output>
          </reporter-output>
        </test-method> <!-- verifyClickNewUser -->
        <test-method is-config="true" signature="terminateSession(org.testng.ITestResult)[pri:0, instance:com.sevenrmartsupermarket.tests.AdminUserTest@65987993]" started-at="2024-11-28T07:00:54 IST" name="terminateSession" finished-at="2024-11-28T07:00:54 IST" duration-ms="2" status="PASS">
          <params>
            <param index="0">
              <value>
                <![CDATA[[TestResult name=verifyClickNewUser status=SUCCESS method=AdminUserTest.verifyClickNewUser()[pri:0, instance:com.sevenrmartsupermarket.tests.AdminUserTest@65987993] output={null}]]]>
              </value>
            </param>
          </params>
          <reporter-output>
          </reporter-output>
        </test-method> <!-- terminateSession -->
      </class> <!-- com.sevenrmartsupermarket.tests.AdminUserTest -->
    </test> <!-- Default test -->
  </suite> <!-- Default suite -->
</testng-results>
